<?xml version="1.0" encoding="UTF-8"?>
<!-- Generated by org.testng.reporters.JUnitReportReporter -->
<testsuite skipped="0" hostname="SATWADDE" name="com.elearning.testRunners.E_learning_TestRunner" tests="1" failures="0" timestamp="12 Oct 2020 07:50:07 GMT" time="7.270" errors="0">
  <testcase name="feature" time="7.270" classname="com.elearning.testRunners.E_learning_TestRunner"/>
</testsuite> <!-- com.elearning.testRunners.E_learning_TestRunner -->
